This is pdfTeX, Version 3.14159265-2.6-1.40.20 (MiKTeX 2.9.7250 64-bit) (preloaded format=pdflatex 2019.12.30)  2 FEB 2020 20:17
entering extended mode
**./allatonce.tex
(allatonce.tex
LaTeX2e <2019-10-01> patch level 3

("C:\Users\Coen D. Needell\AppData\Local\Programs\MiKTeX 2.9\tex/latex/base\art
icle.cls"
Document Class: article 2019/10/25 v1.4k Standard LaTeX document class

("C:\Users\Coen D. Needell\AppData\Local\Programs\MiKTeX 2.9\tex/latex/base\siz
e10.clo"
File: size10.clo 2019/10/25 v1.4k Standard LaTeX file (size option)
)
\c@part=\count80
\c@section=\count81
\c@subsection=\count82
\c@subsubsection=\count83
\c@paragraph=\count84
\c@subparagraph=\count85
\c@figure=\count86
\c@table=\count87
\abovecaptionskip=\skip41
\belowcaptionskip=\skip42
\bibindent=\dimen102
)
("C:\Users\Coen D. Needell\AppData\Local\Programs\MiKTeX 2.9\tex/latex/pgf/fron
tendlayer\tikz.sty"
("C:\Users\Coen D. Needell\AppData\Local\Programs\MiKTeX 2.9\tex/latex/pgf/basi
clayer\pgf.sty"
("C:\Users\Coen D. Needell\AppData\Local\Programs\MiKTeX 2.9\tex/latex/pgf/util
ities\pgfrcs.sty"
("C:\Users\Coen D. Needell\AppData\Local\Programs\MiKTeX 2.9\tex/generic/pgf/ut
ilities\pgfutil-common.tex"
\pgfutil@everybye=\toks14
\pgfutil@tempdima=\dimen103
\pgfutil@tempdimb=\dimen104

("C:\Users\Coen D. Needell\AppData\Local\Programs\MiKTeX 2.9\tex/generic/pgf/ut
ilities\pgfutil-common-lists.tex"))
("C:\Users\Coen D. Needell\AppData\Local\Programs\MiKTeX 2.9\tex/generic/pgf/ut
ilities\pgfutil-latex.def"
\pgfutil@abb=\box27

("C:\Users\Coen D. Needell\AppData\Local\Programs\MiKTeX 2.9\tex/latex/ms\every
shi.sty"
Package: everyshi 2001/05/15 v3.00 EveryShipout Package (MS)
))
("C:\Users\Coen D. Needell\AppData\Local\Programs\MiKTeX 2.9\tex/generic/pgf/ut
ilities\pgfrcs.code.tex"
("C:\Users\Coen D. Needell\AppData\Local\Programs\MiKTeX 2.9\tex/generic/pgf\pg
f.revision.tex")
Package: pgfrcs 2019/12/21 v3.1.5a (3.1.5a)
))
Package: pgf 2019/12/21 v3.1.5a (3.1.5a)

("C:\Users\Coen D. Needell\AppData\Local\Programs\MiKTeX 2.9\tex/latex/pgf/basi
clayer\pgfcore.sty"
("C:\Users\Coen D. Needell\AppData\Local\Programs\MiKTeX 2.9\tex/latex/graphics
\graphicx.sty"
Package: graphicx 2017/06/01 v1.1a Enhanced LaTeX Graphics (DPC,SPQR)

("C:\Users\Coen D. Needell\AppData\Local\Programs\MiKTeX 2.9\tex/latex/graphics
\keyval.sty"
Package: keyval 2014/10/28 v1.15 key=value parser (DPC)
\KV@toks@=\toks15
)
("C:\Users\Coen D. Needell\AppData\Local\Programs\MiKTeX 2.9\tex/latex/graphics
\graphics.sty"
Package: graphics 2019/11/01 v1.3d Standard LaTeX Graphics (DPC,SPQR)

("C:\Users\Coen D. Needell\AppData\Local\Programs\MiKTeX 2.9\tex/latex/graphics
\trig.sty"
Package: trig 2016/01/03 v1.10 sin cos tan (DPC)
)
("C:\Users\Coen D. Needell\AppData\Local\Programs\MiKTeX 2.9\tex/latex/graphics
-cfg\graphics.cfg"
File: graphics.cfg 2016/06/04 v1.11 sample graphics configuration
)
Package graphics Info: Driver file: pdftex.def on input line 105.

("C:\Users\Coen D. Needell\AppData\Local\Programs\MiKTeX 2.9\tex/latex/graphics
-def\pdftex.def"
File: pdftex.def 2018/01/08 v1.0l Graphics/color driver for pdftex
))
\Gin@req@height=\dimen105
\Gin@req@width=\dimen106
)
("C:\Users\Coen D. Needell\AppData\Local\Programs\MiKTeX 2.9\tex/latex/pgf/syst
emlayer\pgfsys.sty"
("C:\Users\Coen D. Needell\AppData\Local\Programs\MiKTeX 2.9\tex/generic/pgf/sy
stemlayer\pgfsys.code.tex"
Package: pgfsys 2019/12/21 v3.1.5a (3.1.5a)

("C:\Users\Coen D. Needell\AppData\Local\Programs\MiKTeX 2.9\tex/generic/pgf/ut
ilities\pgfkeys.code.tex"
\pgfkeys@pathtoks=\toks16
\pgfkeys@temptoks=\toks17

("C:\Users\Coen D. Needell\AppData\Local\Programs\MiKTeX 2.9\tex/generic/pgf/ut
ilities\pgfkeysfiltered.code.tex"
\pgfkeys@tmptoks=\toks18
))
\pgf@x=\dimen107
\pgf@y=\dimen108
\pgf@xa=\dimen109
\pgf@ya=\dimen110
\pgf@xb=\dimen111
\pgf@yb=\dimen112
\pgf@xc=\dimen113
\pgf@yc=\dimen114
\pgf@xd=\dimen115
\pgf@yd=\dimen116
\w@pgf@writea=\write3
\r@pgf@reada=\read1
\c@pgf@counta=\count88
\c@pgf@countb=\count89
\c@pgf@countc=\count90
\c@pgf@countd=\count91
\t@pgf@toka=\toks19
\t@pgf@tokb=\toks20
\t@pgf@tokc=\toks21
\pgf@sys@id@count=\count92

("C:\Users\Coen D. Needell\AppData\Local\Programs\MiKTeX 2.9\tex/generic/pgf/sy
stemlayer\pgf.cfg"
File: pgf.cfg 2019/12/21 v3.1.5a (3.1.5a)
)
Driver file for pgf: pgfsys-pdftex.def

("C:\Users\Coen D. Needell\AppData\Local\Programs\MiKTeX 2.9\tex/generic/pgf/sy
stemlayer\pgfsys-pdftex.def"
File: pgfsys-pdftex.def 2019/12/21 v3.1.5a (3.1.5a)

("C:\Users\Coen D. Needell\AppData\Local\Programs\MiKTeX 2.9\tex/generic/pgf/sy
stemlayer\pgfsys-common-pdf.def"
File: pgfsys-common-pdf.def 2019/12/21 v3.1.5a (3.1.5a)
)))
("C:\Users\Coen D. Needell\AppData\Local\Programs\MiKTeX 2.9\tex/generic/pgf/sy
stemlayer\pgfsyssoftpath.code.tex"
File: pgfsyssoftpath.code.tex 2019/12/21 v3.1.5a (3.1.5a)
\pgfsyssoftpath@smallbuffer@items=\count93
\pgfsyssoftpath@bigbuffer@items=\count94
)
("C:\Users\Coen D. Needell\AppData\Local\Programs\MiKTeX 2.9\tex/generic/pgf/sy
stemlayer\pgfsysprotocol.code.tex"
File: pgfsysprotocol.code.tex 2019/12/21 v3.1.5a (3.1.5a)
))
("C:\Users\Coen D. Needell\AppData\Local\Programs\MiKTeX 2.9\tex/latex/xcolor\x
color.sty"
Package: xcolor 2016/05/11 v2.12 LaTeX color extensions (UK)

("C:\Users\Coen D. Needell\AppData\Local\Programs\MiKTeX 2.9\tex/latex/graphics
-cfg\color.cfg"
File: color.cfg 2016/01/02 v1.6 sample color configuration
)
Package xcolor Info: Driver file: pdftex.def on input line 225.
Package xcolor Info: Model `cmy' substituted by `cmy0' on input line 1348.
Package xcolor Info: Model `hsb' substituted by `rgb' on input line 1352.
Package xcolor Info: Model `RGB' extended on input line 1364.
Package xcolor Info: Model `HTML' substituted by `rgb' on input line 1366.
Package xcolor Info: Model `Hsb' substituted by `hsb' on input line 1367.
Package xcolor Info: Model `tHsb' substituted by `hsb' on input line 1368.
Package xcolor Info: Model `HSB' substituted by `hsb' on input line 1369.
Package xcolor Info: Model `Gray' substituted by `gray' on input line 1370.
Package xcolor Info: Model `wave' substituted by `hsb' on input line 1371.
)
("C:\Users\Coen D. Needell\AppData\Local\Programs\MiKTeX 2.9\tex/generic/pgf/ba
siclayer\pgfcore.code.tex"
Package: pgfcore 2019/12/21 v3.1.5a (3.1.5a)

("C:\Users\Coen D. Needell\AppData\Local\Programs\MiKTeX 2.9\tex/generic/pgf/ma
th\pgfmath.code.tex"
("C:\Users\Coen D. Needell\AppData\Local\Programs\MiKTeX 2.9\tex/generic/pgf/ma
th\pgfmathcalc.code.tex"
("C:\Users\Coen D. Needell\AppData\Local\Programs\MiKTeX 2.9\tex/generic/pgf/ma
th\pgfmathutil.code.tex")
("C:\Users\Coen D. Needell\AppData\Local\Programs\MiKTeX 2.9\tex/generic/pgf/ma
th\pgfmathparser.code.tex"
\pgfmath@dimen=\dimen117
\pgfmath@count=\count95
\pgfmath@box=\box28
\pgfmath@toks=\toks22
\pgfmath@stack@operand=\toks23
\pgfmath@stack@operation=\toks24
)
("C:\Users\Coen D. Needell\AppData\Local\Programs\MiKTeX 2.9\tex/generic/pgf/ma
th\pgfmathfunctions.code.tex"
("C:\Users\Coen D. Needell\AppData\Local\Programs\MiKTeX 2.9\tex/generic/pgf/ma
th\pgfmathfunctions.basic.code.tex")
("C:\Users\Coen D. Needell\AppData\Local\Programs\MiKTeX 2.9\tex/generic/pgf/ma
th\pgfmathfunctions.trigonometric.code.tex")
("C:\Users\Coen D. Needell\AppData\Local\Programs\MiKTeX 2.9\tex/generic/pgf/ma
th\pgfmathfunctions.random.code.tex")
("C:\Users\Coen D. Needell\AppData\Local\Programs\MiKTeX 2.9\tex/generic/pgf/ma
th\pgfmathfunctions.comparison.code.tex")
("C:\Users\Coen D. Needell\AppData\Local\Programs\MiKTeX 2.9\tex/generic/pgf/ma
th\pgfmathfunctions.base.code.tex")
("C:\Users\Coen D. Needell\AppData\Local\Programs\MiKTeX 2.9\tex/generic/pgf/ma
th\pgfmathfunctions.round.code.tex")
("C:\Users\Coen D. Needell\AppData\Local\Programs\MiKTeX 2.9\tex/generic/pgf/ma
th\pgfmathfunctions.misc.code.tex")
("C:\Users\Coen D. Needell\AppData\Local\Programs\MiKTeX 2.9\tex/generic/pgf/ma
th\pgfmathfunctions.integerarithmetics.code.tex")))
("C:\Users\Coen D. Needell\AppData\Local\Programs\MiKTeX 2.9\tex/generic/pgf/ma
th\pgfmathfloat.code.tex"
\c@pgfmathroundto@lastzeros=\count96
))
("C:\Users\Coen D. Needell\AppData\Local\Programs\MiKTeX 2.9\tex/generic/pgf/ma
th\pgfint.code.tex")
("C:\Users\Coen D. Needell\AppData\Local\Programs\MiKTeX 2.9\tex/generic/pgf/ba
siclayer\pgfcorepoints.code.tex"
File: pgfcorepoints.code.tex 2019/12/21 v3.1.5a (3.1.5a)
\pgf@picminx=\dimen118
\pgf@picmaxx=\dimen119
\pgf@picminy=\dimen120
\pgf@picmaxy=\dimen121
\pgf@pathminx=\dimen122
\pgf@pathmaxx=\dimen123
\pgf@pathminy=\dimen124
\pgf@pathmaxy=\dimen125
\pgf@xx=\dimen126
\pgf@xy=\dimen127
\pgf@yx=\dimen128
\pgf@yy=\dimen129
\pgf@zx=\dimen130
\pgf@zy=\dimen131
)
("C:\Users\Coen D. Needell\AppData\Local\Programs\MiKTeX 2.9\tex/generic/pgf/ba
siclayer\pgfcorepathconstruct.code.tex"
File: pgfcorepathconstruct.code.tex 2019/12/21 v3.1.5a (3.1.5a)
\pgf@path@lastx=\dimen132
\pgf@path@lasty=\dimen133
)
("C:\Users\Coen D. Needell\AppData\Local\Programs\MiKTeX 2.9\tex/generic/pgf/ba
siclayer\pgfcorepathusage.code.tex"
File: pgfcorepathusage.code.tex 2019/12/21 v3.1.5a (3.1.5a)
\pgf@shorten@end@additional=\dimen134
\pgf@shorten@start@additional=\dimen135
)
("C:\Users\Coen D. Needell\AppData\Local\Programs\MiKTeX 2.9\tex/generic/pgf/ba
siclayer\pgfcorescopes.code.tex"
File: pgfcorescopes.code.tex 2019/12/21 v3.1.5a (3.1.5a)
\pgfpic=\box29
\pgf@hbox=\box30
\pgf@layerbox@main=\box31
\pgf@picture@serial@count=\count97
)
("C:\Users\Coen D. Needell\AppData\Local\Programs\MiKTeX 2.9\tex/generic/pgf/ba
siclayer\pgfcoregraphicstate.code.tex"
File: pgfcoregraphicstate.code.tex 2019/12/21 v3.1.5a (3.1.5a)
\pgflinewidth=\dimen136
)
("C:\Users\Coen D. Needell\AppData\Local\Programs\MiKTeX 2.9\tex/generic/pgf/ba
siclayer\pgfcoretransformations.code.tex"
File: pgfcoretransformations.code.tex 2019/12/21 v3.1.5a (3.1.5a)
\pgf@pt@x=\dimen137
\pgf@pt@y=\dimen138
\pgf@pt@temp=\dimen139
)
("C:\Users\Coen D. Needell\AppData\Local\Programs\MiKTeX 2.9\tex/generic/pgf/ba
siclayer\pgfcorequick.code.tex"
File: pgfcorequick.code.tex 2019/12/21 v3.1.5a (3.1.5a)
)
("C:\Users\Coen D. Needell\AppData\Local\Programs\MiKTeX 2.9\tex/generic/pgf/ba
siclayer\pgfcoreobjects.code.tex"
File: pgfcoreobjects.code.tex 2019/12/21 v3.1.5a (3.1.5a)
)
("C:\Users\Coen D. Needell\AppData\Local\Programs\MiKTeX 2.9\tex/generic/pgf/ba
siclayer\pgfcorepathprocessing.code.tex"
File: pgfcorepathprocessing.code.tex 2019/12/21 v3.1.5a (3.1.5a)
)
("C:\Users\Coen D. Needell\AppData\Local\Programs\MiKTeX 2.9\tex/generic/pgf/ba
siclayer\pgfcorearrows.code.tex"
File: pgfcorearrows.code.tex 2019/12/21 v3.1.5a (3.1.5a)
\pgfarrowsep=\dimen140
)
("C:\Users\Coen D. Needell\AppData\Local\Programs\MiKTeX 2.9\tex/generic/pgf/ba
siclayer\pgfcoreshade.code.tex"
File: pgfcoreshade.code.tex 2019/12/21 v3.1.5a (3.1.5a)
\pgf@max=\dimen141
\pgf@sys@shading@range@num=\count98
\pgf@shadingcount=\count99
)
("C:\Users\Coen D. Needell\AppData\Local\Programs\MiKTeX 2.9\tex/generic/pgf/ba
siclayer\pgfcoreimage.code.tex"
File: pgfcoreimage.code.tex 2019/12/21 v3.1.5a (3.1.5a)

("C:\Users\Coen D. Needell\AppData\Local\Programs\MiKTeX 2.9\tex/generic/pgf/ba
siclayer\pgfcoreexternal.code.tex"
File: pgfcoreexternal.code.tex 2019/12/21 v3.1.5a (3.1.5a)
\pgfexternal@startupbox=\box32
))
("C:\Users\Coen D. Needell\AppData\Local\Programs\MiKTeX 2.9\tex/generic/pgf/ba
siclayer\pgfcorelayers.code.tex"
File: pgfcorelayers.code.tex 2019/12/21 v3.1.5a (3.1.5a)
)
("C:\Users\Coen D. Needell\AppData\Local\Programs\MiKTeX 2.9\tex/generic/pgf/ba
siclayer\pgfcoretransparency.code.tex"
File: pgfcoretransparency.code.tex 2019/12/21 v3.1.5a (3.1.5a)
)
("C:\Users\Coen D. Needell\AppData\Local\Programs\MiKTeX 2.9\tex/generic/pgf/ba
siclayer\pgfcorepatterns.code.tex"
File: pgfcorepatterns.code.tex 2019/12/21 v3.1.5a (3.1.5a)
)
("C:\Users\Coen D. Needell\AppData\Local\Programs\MiKTeX 2.9\tex/generic/pgf/ba
siclayer\pgfcorerdf.code.tex"
File: pgfcorerdf.code.tex 2019/12/21 v3.1.5a (3.1.5a)
)))
("C:\Users\Coen D. Needell\AppData\Local\Programs\MiKTeX 2.9\tex/generic/pgf/mo
dules\pgfmoduleshapes.code.tex"
File: pgfmoduleshapes.code.tex 2019/12/21 v3.1.5a (3.1.5a)
\pgfnodeparttextbox=\box33
)
("C:\Users\Coen D. Needell\AppData\Local\Programs\MiKTeX 2.9\tex/generic/pgf/mo
dules\pgfmoduleplot.code.tex"
File: pgfmoduleplot.code.tex 2019/12/21 v3.1.5a (3.1.5a)
)
("C:\Users\Coen D. Needell\AppData\Local\Programs\MiKTeX 2.9\tex/latex/pgf/comp
atibility\pgfcomp-version-0-65.sty"
Package: pgfcomp-version-0-65 2019/12/21 v3.1.5a (3.1.5a)
\pgf@nodesepstart=\dimen142
\pgf@nodesepend=\dimen143
)
("C:\Users\Coen D. Needell\AppData\Local\Programs\MiKTeX 2.9\tex/latex/pgf/comp
atibility\pgfcomp-version-1-18.sty"
Package: pgfcomp-version-1-18 2019/12/21 v3.1.5a (3.1.5a)
))
("C:\Users\Coen D. Needell\AppData\Local\Programs\MiKTeX 2.9\tex/latex/pgf/util
ities\pgffor.sty"
("C:\Users\Coen D. Needell\AppData\Local\Programs\MiKTeX 2.9\tex/latex/pgf/util
ities\pgfkeys.sty"
("C:\Users\Coen D. Needell\AppData\Local\Programs\MiKTeX 2.9\tex/generic/pgf/ut
ilities\pgfkeys.code.tex"))
("C:\Users\Coen D. Needell\AppData\Local\Programs\MiKTeX 2.9\tex/latex/pgf/math
\pgfmath.sty"
("C:\Users\Coen D. Needell\AppData\Local\Programs\MiKTeX 2.9\tex/generic/pgf/ma
th\pgfmath.code.tex"))
("C:\Users\Coen D. Needell\AppData\Local\Programs\MiKTeX 2.9\tex/generic/pgf/ut
ilities\pgffor.code.tex"
Package: pgffor 2019/12/21 v3.1.5a (3.1.5a)

("C:\Users\Coen D. Needell\AppData\Local\Programs\MiKTeX 2.9\tex/generic/pgf/ma
th\pgfmath.code.tex")
\pgffor@iter=\dimen144
\pgffor@skip=\dimen145
\pgffor@stack=\toks25
\pgffor@toks=\toks26
))
("C:\Users\Coen D. Needell\AppData\Local\Programs\MiKTeX 2.9\tex/generic/pgf/fr
ontendlayer/tikz\tikz.code.tex"
Package: tikz 2019/12/21 v3.1.5a (3.1.5a)

("C:\Users\Coen D. Needell\AppData\Local\Programs\MiKTeX 2.9\tex/generic/pgf/li
braries\pgflibraryplothandlers.code.tex"
File: pgflibraryplothandlers.code.tex 2019/12/21 v3.1.5a (3.1.5a)
\pgf@plot@mark@count=\count100
\pgfplotmarksize=\dimen146
)
\tikz@lastx=\dimen147
\tikz@lasty=\dimen148
\tikz@lastxsaved=\dimen149
\tikz@lastysaved=\dimen150
\tikz@lastmovetox=\dimen151
\tikz@lastmovetoy=\dimen152
\tikzleveldistance=\dimen153
\tikzsiblingdistance=\dimen154
\tikz@figbox=\box34
\tikz@figbox@bg=\box35
\tikz@tempbox=\box36
\tikz@tempbox@bg=\box37
\tikztreelevel=\count101
\tikznumberofchildren=\count102
\tikznumberofcurrentchild=\count103
\tikz@fig@count=\count104

("C:\Users\Coen D. Needell\AppData\Local\Programs\MiKTeX 2.9\tex/generic/pgf/mo
dules\pgfmodulematrix.code.tex"
File: pgfmodulematrix.code.tex 2019/12/21 v3.1.5a (3.1.5a)
\pgfmatrixcurrentrow=\count105
\pgfmatrixcurrentcolumn=\count106
\pgf@matrix@numberofcolumns=\count107
)
\tikz@expandcount=\count108

("C:\Users\Coen D. Needell\AppData\Local\Programs\MiKTeX 2.9\tex/generic/pgf/fr
ontendlayer/tikz/libraries\tikzlibrarytopaths.code.tex"
File: tikzlibrarytopaths.code.tex 2019/12/21 v3.1.5a (3.1.5a)
))) (allatonce.aux)
\openout1 = `allatonce.aux'.

LaTeX Font Info:    Checking defaults for OML/cmm/m/it on input line 5.
LaTeX Font Info:    ... okay on input line 5.
LaTeX Font Info:    Checking defaults for T1/cmr/m/n on input line 5.
LaTeX Font Info:    ... okay on input line 5.
LaTeX Font Info:    Checking defaults for OT1/cmr/m/n on input line 5.
LaTeX Font Info:    ... okay on input line 5.
LaTeX Font Info:    Checking defaults for OMS/cmsy/m/n on input line 5.
LaTeX Font Info:    ... okay on input line 5.
LaTeX Font Info:    Checking defaults for OMX/cmex/m/n on input line 5.
LaTeX Font Info:    ... okay on input line 5.
LaTeX Font Info:    Checking defaults for U/cmr/m/n on input line 5.
LaTeX Font Info:    ... okay on input line 5.

ABD: EveryShipout initializing macros
("C:\Users\Coen D. Needell\AppData\Local\Programs\MiKTeX 2.9\tex/context/base/m
kii\supp-pdf.mkii"
[Loading MPS to PDF converter (version 2006.09.02).]
\scratchcounter=\count109
\scratchdimen=\dimen155
\scratchbox=\box38
\nofMPsegments=\count110
\nofMParguments=\count111
\everyMPshowfont=\toks27
\MPscratchCnt=\count112
\MPscratchDim=\dimen156
\MPnumerator=\count113
\makeMPintoPDFobject=\count114
\everyMPtoPDFconversion=\toks28
)
("C:\Users\Coen D. Needell\AppData\Local\Programs\MiKTeX 2.9\tex/latex/epstopdf
-pkg\epstopdf-base.sty"
Package: epstopdf-base 2019/11/24 v2.7 Base part for package epstopdf

("C:\Users\Coen D. Needell\AppData\Local\Programs\MiKTeX 2.9\tex/generic/oberdi
ek\infwarerr.sty"
Package: infwarerr 2016/05/16 v1.4 Providing i